<?xml version="1.0" encoding="UTF-8"?>
<testsuite xmlns:xsi="http://www.w3.org/2001/XMLSchema-instance" xsi:noNamespaceSchemaLocation="https://maven.apache.org/surefire/maven-surefire-plugin/xsd/surefire-test-report-3.0.xsd" version="3.0" name="restaurantepersistencia.IngredienteDAOTest" time="0.001" tests="17" errors="0" skipped="17" failures="0">
  <properties/>
  <testcase name="testActualizarIngredienteNoExiste" classname="restaurantepersistencia.IngredienteDAOTest" time="0.0">
    <skipped message="class restaurantepersistencia.IngredienteDAOTest is @Disabled"/>
  </testcase>
  <testcase name="testBuscarIngredientesSinArgumentosBusqueda" classname="restaurantepersistencia.IngredienteDAOTest" time="0.0">
    <skipped message="class restaurantepersistencia.IngredienteDAOTest is @Disabled"/>
  </testcase>
  <testcase name="testBuscarIngredientesPorNombreCompleto" classname="restaurantepersistencia.IngredienteDAOTest" time="0.0">
    <skipped message="class restaurantepersistencia.IngredienteDAOTest is @Disabled"/>
  </testcase>
  <testcase name="testBuscarIngredientesPorUnidadOnza" classname="restaurantepersistencia.IngredienteDAOTest" time="0.0">
    <skipped message="class restaurantepersistencia.IngredienteDAOTest is @Disabled"/>
  </testcase>
  <testcase name="testRegistrarNuevoIngrediente" classname="restaurantepersistencia.IngredienteDAOTest" time="0.0">
    <skipped message="class restaurantepersistencia.IngredienteDAOTest is @Disabled"/>
  </testcase>
  <testcase name="testBuscarIngredientesPorUnidadGramos" classname="restaurantepersistencia.IngredienteDAOTest" time="0.0">
    <skipped message="class restaurantepersistencia.IngredienteDAOTest is @Disabled"/>
  </testcase>
  <testcase name="testBuscarIngredientesPorUnidadLitros" classname="restaurantepersistencia.IngredienteDAOTest" time="0.0">
    <skipped message="class restaurantepersistencia.IngredienteDAOTest is @Disabled"/>
  </testcase>
  <testcase name="testBuscarIngredientesPorUnidadPiezas" classname="restaurantepersistencia.IngredienteDAOTest" time="0.0">
    <skipped message="class restaurantepersistencia.IngredienteDAOTest is @Disabled"/>
  </testcase>
  <testcase name="testBuscarIngredientesPorNombreParcial" classname="restaurantepersistencia.IngredienteDAOTest" time="0.0">
    <skipped message="class restaurantepersistencia.IngredienteDAOTest is @Disabled"/>
  </testcase>
  <testcase name="testBuscarIngredientesPorUnidadMililitros" classname="restaurantepersistencia.IngredienteDAOTest" time="0.0">
    <skipped message="class restaurantepersistencia.IngredienteDAOTest is @Disabled"/>
  </testcase>
  <testcase name="testBuscarParaValidarIngredienteNombreYUnidad" classname="restaurantepersistencia.IngredienteDAOTest" time="0.0">
    <skipped message="class restaurantepersistencia.IngredienteDAOTest is @Disabled"/>
  </testcase>
  <testcase name="testBaseDeDatosNoEstaVacia" classname="restaurantepersistencia.IngredienteDAOTest" time="0.0">
    <skipped message="class restaurantepersistencia.IngredienteDAOTest is @Disabled"/>
  </testcase>
  <testcase name="testConsultarIngredientesBD" classname="restaurantepersistencia.IngredienteDAOTest" time="0.0">
    <skipped message="class restaurantepersistencia.IngredienteDAOTest is @Disabled"/>
  </testcase>
  <testcase name="testActualizarCantidadIngrediente" classname="restaurantepersistencia.IngredienteDAOTest" time="0.0">
    <skipped message="class restaurantepersistencia.IngredienteDAOTest is @Disabled"/>
  </testcase>
  <testcase name="testConsultarProductosDisponibles" classname="restaurantepersistencia.IngredienteDAOTest" time="0.0">
    <skipped message="class restaurantepersistencia.IngredienteDAOTest is @Disabled"/>
  </testcase>
  <testcase name="testBaseDeDatosVacia" classname="restaurantepersistencia.IngredienteDAOTest" time="0.0">
    <skipped message="class restaurantepersistencia.IngredienteDAOTest is @Disabled"/>
  </testcase>
  <testcase name="testBuscarIngredientesPorUnidadKilogramos" classname="restaurantepersistencia.IngredienteDAOTest" time="0.0">
    <skipped message="class restaurantepersistencia.IngredienteDAOTest is @Disabled"/>
  </testcase>
</testsuite>