<?xml version="1.0" encoding="UTF-8"?>
<testsuite xmlns:xsi="http://www.w3.org/2001/XMLSchema-instance" xsi:noNamespaceSchemaLocation="https://maven.apache.org/surefire/maven-surefire-plugin/xsd/surefire-test-report-3.0.xsd" version="3.0" name="restaurantepersistencia.ClienteFrecuenteDAOTest" time="1.449" tests="1" errors="0" skipped="0" failures="0">
  <properties>
[...]
</properties>
  <testcase name="testCrearClienteFrecuente" classname="restaurantepersistencia.ClienteFrecuenteDAOTest" time="1.41">
    <system-out><![CDATA[[EL Info]: 2026-04-13 23:42:20.936--ServerSession(1597328335)--EclipseLink, version: Eclipse Persistence Services - 2.7.12.v20230209-e5c4074ef3
]]></system-out>
  </testcase>
</testsuite>