<?xml version="1.0" encoding="UTF-8"?>
<testsuite xmlns:xsi="http://www.w3.org/2001/XMLSchema-instance" xsi:noNamespaceSchemaLocation="https://maven.apache.org/surefire/maven-surefire-plugin/xsd/surefire-test-report-3.0.xsd" version="3.0" name="restaurantepersistencia.ProductoDAOTest" time="0.618" tests="3" errors="0" skipped="0" failures="0">
  <properties>
[...]
</properties>
  <testcase name="buscarParaValidarProductoNombre" classname="restaurantepersistencia.ProductoDAOTest" time="0.595">
    <system-out><![CDATA[[EL Info]: 2026-03-31 19:14:37.137--ServerSession(1987360300)--EclipseLink, version: Eclipse Persistence Services - 2.7.12.v20230209-e5c4074ef3
]]></system-out>
  </testcase>
  <testcase name="registrarNuevoProducto" classname="restaurantepersistencia.ProductoDAOTest" time="0.006"/>
  <testcase name="buscarProductoQueNoExiste" classname="restaurantepersistencia.ProductoDAOTest" time="0.006"/>
</testsuite>